# JRE version: Java(TM) SE Runtime Environment (7.0_40-b43) (build 1.7.0_40-b43)
# Java VM: Java HotSpot(TM) 64-Bit Server VM (24.0-b56 mixed mode windows-amd64 compressed oops)
Heap
 PSYoungGen      total 279552K, used 16379K [0x00000000eaa80000, 0x00000000fe080000, 0x0000000100000000)
  eden space 263168K, 0% used [0x00000000eaa80000,0x00000000eaa80000,0x00000000fab80000)
  from space 16384K, 99% used [0x00000000fc280000,0x00000000fd27eed0,0x00000000fd280000)
  to   space 23552K, 0% used [0x00000000fab80000,0x00000000fab80000,0x00000000fc280000)
 ParOldGen       total 43520K, used 34909K [0x00000000c0000000, 0x00000000c2a80000, 0x00000000eaa80000)
  object space 43520K, 80% used [0x00000000c0000000,0x00000000c22174c0,0x00000000c2a80000)
 PSPermGen       total 42496K, used 42254K [0x00000000b0000000, 0x00000000b2980000, 0x00000000c0000000)
  object space 42496K, 99% used [0x00000000b0000000,0x00000000b2943938,0x00000000b2980000)
GC Heap History (10 events):
Event: 4.499 GC heap after
Heap after GC invocations=4 (full 0):
 PSYoungGen      total 70144K, used 2536K [0x00000000eaa80000, 0x00000000ef180000, 0x0000000100000000)
  eden space 67584K, 0% used [0x00000000eaa80000,0x00000000eaa80000,0x00000000eec80000)
  from space 2560K, 99% used [0x00000000eef00000,0x00000000ef17a020,0x00000000ef180000)
  to   space 2560K, 0% used [0x00000000eec80000,0x00000000eec80000,0x00000000eef00000)
 ParOldGen       total 43520K, used 10869K [0x00000000c0000000, 0x00000000c2a80000, 0x00000000eaa80000)
  object space 43520K, 24% used [0x00000000c0000000,0x00000000c0a9d548,0x00000000c2a80000)
 PSPermGen       total 21504K, used 18601K [0x00000000b0000000, 0x00000000b1500000, 0x00000000c0000000)
  object space 21504K, 86% used [0x00000000b0000000,0x00000000b122a760,0x00000000b1500000)
}
Event: 7.371 GC heap before
{Heap before GC invocations=5 (full 0):
 PSYoungGen      total 70144K, used 70120K [0x00000000eaa80000, 0x00000000ef180000, 0x0000000100000000)
  eden space 67584K, 100% used [0x00000000eaa80000,0x00000000eec80000,0x00000000eec80000)
  from space 2560K, 99% used [0x00000000eef00000,0x00000000ef17a020,0x00000000ef180000)
  to   space 2560K, 0% used [0x00000000eec80000,0x00000000eec80000,0x00000000eef00000)
 ParOldGen       total 43520K, used 10869K [0x00000000c0000000, 0x00000000c2a80000, 0x00000000eaa80000)
  object space 43520K, 24% used [0x00000000c0000000,0x00000000c0a9d548,0x00000000c2a80000)
 PSPermGen       total 24064K, used 23997K [0x00000000b0000000, 0x00000000b1780000, 0x00000000c0000000)
  object space 24064K, 99% used [0x00000000b0000000,0x00000000b176f7e0,0x00000000b1780000)
Event: 7.398 GC heap after
Heap after GC invocations=5 (full 0):
 PSYoungGen      total 70144K, used 2552K [0x00000000eaa80000, 0x00000000f4580000, 0x0000000100000000)
  eden space 67584K, 0% used [0x00000000eaa80000,0x00000000eaa80000,0x00000000eec80000)
  from space 2560K, 99% used [0x00000000eec80000,0x00000000eeefe030,0x00000000eef00000)
  to   space 11776K, 0% used [0x00000000f3a00000,0x00000000f3a00000,0x00000000f4580000)
 ParOldGen       total 43520K, used 18498K [0x00000000c0000000, 0x00000000c2a80000, 0x00000000eaa80000)
  object space 43520K, 42% used [0x00000000c0000000,0x00000000c1210bf0,0x00000000c2a80000)
 PSPermGen       total 24064K, used 23997K [0x00000000b0000000, 0x00000000b1780000, 0x00000000c0000000)
  object space 24064K, 99% used [0x00000000b0000000,0x00000000b176f7e0,0x00000000b1780000)
}
Event: 10.382 GC heap before
{Heap before GC invocations=6 (full 0):
 PSYoungGen      total 70144K, used 70136K [0x00000000eaa80000, 0x00000000f4580000, 0x0000000100000000)
  eden space 67584K, 100% used [0x00000000eaa80000,0x00000000eec80000,0x00000000eec80000)
  from space 2560K, 99% used [0x00000000eec80000,0x00000000eeefe030,0x00000000eef00000)
  to   space 11776K, 0% used [0x00000000f3a00000,0x00000000f3a00000,0x00000000f4580000)
 ParOldGen       total 43520K, used 18498K [0x00000000c0000000, 0x00000000c2a80000, 0x00000000eaa80000)
  object space 43520K, 42% used [0x00000000c0000000,0x00000000c1210bf0,0x00000000c2a80000)
 PSPermGen       total 27648K, used 27237K [0x00000000b0000000, 0x00000000b1b00000, 0x00000000c0000000)
  object space 27648K, 98% used [0x00000000b0000000,0x00000000b1a994a0,0x00000000b1b00000)
Event: 10.406 GC heap after
Heap after GC invocations=6 (full 0):
 PSYoungGen      total 145920K, used 7092K [0x00000000eaa80000, 0x00000000f4480000, 0x0000000100000000)
  eden space 135168K, 0% used [0x00000000eaa80000,0x00000000eaa80000,0x00000000f2e80000)
  from space 10752K, 65% used [0x00000000f3a00000,0x00000000f40ed020,0x00000000f4480000)
  to   space 11264K, 0% used [0x00000000f2e80000,0x00000000f2e80000,0x00000000f3980000)
 ParOldGen       total 43520K, used 18571K [0x00000000c0000000, 0x00000000c2a80000, 0x00000000eaa80000)
  object space 43520K, 42% used [0x00000000c0000000,0x00000000c1222c00,0x00000000c2a80000)
 PSPermGen       total 27648K, used 27237K [0x00000000b0000000, 0x00000000b1b00000, 0x00000000c0000000)
  object space 27648K, 98% used [0x00000000b0000000,0x00000000b1a994a0,0x00000000b1b00000)
}
Event: 13.765 GC heap before
{Heap before GC invocations=7 (full 0):
 PSYoungGen      total 145920K, used 142260K [0x00000000eaa80000, 0x00000000f4480000, 0x0000000100000000)
  eden space 135168K, 100% used [0x00000000eaa80000,0x00000000f2e80000,0x00000000f2e80000)
  from space 10752K, 65% used [0x00000000f3a00000,0x00000000f40ed020,0x00000000f4480000)
  to   space 11264K, 0% used [0x00000000f2e80000,0x00000000f2e80000,0x00000000f3980000)
 ParOldGen       total 43520K, used 18571K [0x00000000c0000000, 0x00000000c2a80000, 0x00000000eaa80000)
  object space 43520K, 42% used [0x00000000c0000000,0x00000000c1222c00,0x00000000c2a80000)
 PSPermGen       total 36864K, used 36833K [0x00000000b0000000, 0x00000000b2400000, 0x00000000c0000000)
  object space 36864K, 99% used [0x00000000b0000000,0x00000000b23f8500,0x00000000b2400000)
Event: 13.857 GC heap after
Heap after GC invocations=7 (full 0):
 PSYoungGen      total 146432K, used 11239K [0x00000000eaa80000, 0x00000000fd280000, 0x0000000100000000)
  eden space 135168K, 0% used [0x00000000eaa80000,0x00000000eaa80000,0x00000000f2e80000)
  from space 11264K, 99% used [0x00000000f2e80000,0x00000000f3979da8,0x00000000f3980000)
  to   space 16384K, 0% used [0x00000000fc280000,0x00000000fc280000,0x00000000fd280000)
 ParOldGen       total 43520K, used 25325K [0x00000000c0000000, 0x00000000c2a80000, 0x00000000eaa80000)
  object space 43520K, 58% used [0x00000000c0000000,0x00000000c18bb5c0,0x00000000c2a80000)
 PSPermGen       total 36864K, used 36833K [0x00000000b0000000, 0x00000000b2400000, 0x00000000c0000000)
  object space 36864K, 99% used [0x00000000b0000000,0x00000000b23f8500,0x00000000b2400000)
}
Event: 18.921 GC heap before
{Heap before GC invocations=8 (full 0):
 PSYoungGen      total 146432K, used 146407K [0x00000000eaa80000, 0x00000000fd280000, 0x0000000100000000)
  eden space 135168K, 100% used [0x00000000eaa80000,0x00000000f2e80000,0x00000000f2e80000)
  from space 11264K, 99% used [0x00000000f2e80000,0x00000000f3979da8,0x00000000f3980000)
  to   space 16384K, 0% used [0x00000000fc280000,0x00000000fc280000,0x00000000fd280000)
 ParOldGen       total 43520K, used 25325K [0x00000000c0000000, 0x00000000c2a80000, 0x00000000eaa80000)
  object space 43520K, 58% used [0x00000000c0000000,0x00000000c18bb5c0,0x00000000c2a80000)
 PSPermGen       total 42496K, used 42254K [0x00000000b0000000, 0x00000000b2980000, 0x00000000c0000000)
  object space 42496K, 99% used [0x00000000b0000000,0x00000000b2943938,0x00000000b2980000)
Event: 18.998 GC heap after
Heap after GC invocations=8 (full 0):
 PSYoungGen      total 279552K, used 16379K [0x00000000eaa80000, 0x00000000fe080000, 0x0000000100000000)
  eden space 263168K, 0% used [0x00000000eaa80000,0x00000000eaa80000,0x00000000fab80000)
  from space 16384K, 99% used [0x00000000fc280000,0x00000000fd27eed0,0x00000000fd280000)
  to   space 23552K, 0% used [0x00000000fab80000,0x00000000fab80000,0x00000000fc280000)
 ParOldGen       total 43520K, used 34909K [0x00000000c0000000, 0x00000000c2a80000, 0x00000000eaa80000)
  object space 43520K, 80% used [0x00000000c0000000,0x00000000c22174c0,0x00000000c2a80000)
 PSPermGen       total 42496K, used 42254K [0x00000000b0000000, 0x00000000b2980000, 0x00000000c0000000)
  object space 42496K, 99% used [0x00000000b0000000,0x00000000b2943938,0x00000000b2980000)
}
Event: 18.998 GC heap before
{Heap before GC invocations=9 (full 1):
 PSYoungGen      total 279552K, used 16379K [0x00000000eaa80000, 0x00000000fe080000, 0x0000000100000000)
  eden space 263168K, 0% used [0x00000000eaa80000,0x00000000eaa80000,0x00000000fab80000)
  from space 16384K, 99% used [0x00000000fc280000,0x00000000fd27eed0,0x00000000fd280000)
  to   space 23552K, 0% used [0x00000000fab80000,0x00000000fab80000,0x00000000fc280000)
 ParOldGen       total 43520K, used 34909K [0x00000000c0000000, 0x00000000c2a80000, 0x00000000eaa80000)
  object space 43520K, 80% used [0x00000000c0000000,0x00000000c22174c0,0x00000000c2a80000)
 PSPermGen       total 42496K, used 42254K [0x00000000b0000000, 0x00000000b2980000, 0x00000000c0000000)
  object space 42496K, 99% used [0x00000000b0000000,0x00000000b2943938,0x00000000b2980000)

